[2026-02-15T22:22:33.189+0000] {taskinstance.py:1159} INFO - Dependencies all met for dep_context=non-requeueable deps ti=<TaskInstance: labpulse_github_etl.load_to_db manual__2026-02-15T22:22:29.555971+00:00 [queued]>
[2026-02-15T22:22:33.192+0000] {taskinstance.py:1159} INFO - Dependencies all met for dep_context=requeueable deps ti=<TaskInstance: labpulse_github_etl.load_to_db manual__2026-02-15T22:22:29.555971+00:00 [queued]>
[2026-02-15T22:22:33.192+0000] {taskinstance.py:1361} INFO - Starting attempt 1 of 3
[2026-02-15T22:22:33.195+0000] {taskinstance.py:1382} INFO - Executing <Task(_PythonDecoratedOperator): load_to_db> on 2026-02-15 22:22:29.555971+00:00
[2026-02-15T22:22:33.198+0000] {standard_task_runner.py:57} INFO - Started process 176 to run task
[2026-02-15T22:22:33.200+0000] {standard_task_runner.py:84} INFO - Running: ['***', 'tasks', 'run', 'labpulse_github_etl', 'load_to_db', 'manual__2026-02-15T22:22:29.555971+00:00', '--job-id', '29', '--raw', '--subdir', 'DAGS_FOLDER/github_lab_etl.py', '--cfg-path', '/tmp/tmpiq3qkr1w']
[2026-02-15T22:22:33.200+0000] {standard_task_runner.py:85} INFO - Job 29: Subtask load_to_db
[2026-02-15T22:22:33.217+0000] {task_command.py:416} INFO - Running <TaskInstance: labpulse_github_etl.load_to_db manual__2026-02-15T22:22:29.555971+00:00 [running]> on host e6a876ed1684
[2026-02-15T22:22:33.239+0000] {taskinstance.py:1662} INFO - Exporting env vars: AIRFLOW_CTX_DAG_OWNER='LabPulse' AIRFLOW_CTX_DAG_ID='labpulse_github_etl' AIRFLOW_CTX_TASK_ID='load_to_db' AIRFLOW_CTX_EXECUTION_DATE='2026-02-15T22:22:29.555971+00:00' AIRFLOW_CTX_TRY_NUMBER='1' AIRFLOW_CTX_DAG_RUN_ID='manual__2026-02-15T22:22:29.555971+00:00'
[2026-02-15T22:22:33.241+0000] {taskinstance.py:1937} ERROR - Task failed with exception
Traceback (most recent call last):
  File "/home/airflow/.local/lib/python3.8/site-packages/airflow/decorators/base.py", line 221, in execute
    return_value = super().execute(context)
  File "/home/airflow/.local/lib/python3.8/site-packages/airflow/operators/python.py", line 192, in execute
    return_value = self.execute_callable()
  File "/home/airflow/.local/lib/python3.8/site-packages/airflow/operators/python.py", line 209, in execute_callable
    return self.python_callable(*self.op_args, **self.op_kwargs)
  File "/opt/airflow/dags/github_lab_etl.py", line 65, in load_to_db
    conn = sqlite3.connect(DB_PATH)
sqlite3.OperationalError: unable to open database file
[2026-02-15T22:22:33.243+0000] {taskinstance.py:1400} INFO - Marking task as UP_FOR_RETRY. dag_id=labpulse_github_etl, task_id=load_to_db, execution_date=20260215T222229, start_date=20260215T222233, end_date=20260215T222233
[2026-02-15T22:22:33.246+0000] {standard_task_runner.py:104} ERROR - Failed to execute job 29 for task load_to_db (unable to open database file; 176)
[2026-02-15T22:22:33.257+0000] {local_task_job_runner.py:228} INFO - Task exited with return code 1
[2026-02-15T22:22:33.263+0000] {taskinstance.py:2778} INFO - 0 downstream tasks scheduled from follow-on schedule check
